<?xml version="1.0" encoding="UTF-8"?>
<coverage generated="1677193910757" clover="3.2.0">
  <project timestamp="1677193910757" name="All files">
    <metrics statements="4" coveredstatements="4" conditionals="0" coveredconditionals="0" methods="1" coveredmethods="1" elements="5" coveredelements="5" complexity="0" loc="4" ncloc="4" packages="1" files="1" classes="1"/>
    <file name="HelloWorld.vue" path="/Users/uniqlear/Documents/HyundaiCapital/Work/mapp-vtu/src/components/HelloWorld.vue">
      <metrics statements="4" coveredstatements="4" conditionals="0" coveredconditionals="0" methods="1" coveredmethods="1"/>
      <line num="1" count="12" type="stmt"/>
      <line num="122" count="2" type="stmt"/>
      <line num="125" count="2" type="stmt"/>
      <line num="126" count="2" type="stmt"/>
    </file>
  </project>
</coverage>
