{"/Users/uniqlear/Documents/HyundaiCapital/Work/mapp-vtu/src/components/HelloWorld.vue": {"path":"/Users/uniqlear/Documents/HyundaiCapital/Work/mapp-vtu/src/components/HelloWorld.vue","statementMap":{"0":{"start":{"line":122,"column":0},"end":{"line":122,"column":null}},"1":{"start":{"line":126,"column":0},"end":{"line":126,"column":null}},"2":{"start":{"line":125,"column":0},"end":{"line":125,"column":null}},"3":{"start":{"line":1,"column":0},"end":{"line":1,"column":null}}},"fnMap":{"0":{"name":"(anonymous_0)","decl":{"start":{"line":1,"column":0},"end":{"line":1,"column":null}},"loc":{"start":{"line":1,"column":0},"end":{"line":1,"column":null}}}},"branchMap":{},"s":{"0":2,"1":2,"2":2,"3":12},"f":{"0":2},"b":{}}
}
